TN:
SF:C:\Users\bitar\PycharmProjects\DMBLOCK-zadanie-2\truff\contracts\contract_starter.sol
FN:49,store_bid
FN:80,clear_state
FN:102,store_board_commitment
FN:125,check_one_ship
FN:174,claim_win
FN:206,forfeit
FN:224,accuse_cheating
FN:250,claim_opponent_left
FN:266,handle_timeout
FN:281,claim_timeout_winnings
FN:299,is_game_over
FN:306,merge_bytes32
FN:321,verify_opening
FN:354,get_player1_addr
FN:357,get_player1_merkle_root
FN:360,get_player1_num_ships
FN:363,get_player1_leaf_check
FN:367,get_player2_addr
FN:370,get_player2_merkle_root
FN:373,get_player2_num_ships
FN:376,get_player2_leaf_check
FN:380,get_state
FN:384,get_bid
FN:388,get_timeout_stamp
FN:392,get_winner
FNF:25
FNH:16
FNDA:23,store_bid
FNDA:2,clear_state
FNDA:22,store_board_commitment
FNDA:0,check_one_ship
FNDA:0,claim_win
FNDA:3,forfeit
FNDA:0,accuse_cheating
FNDA:5,claim_opponent_left
FNDA:1,handle_timeout
FNDA:2,claim_timeout_winnings
FNDA:2,is_game_over
FNDA:0,merge_bytes32
FNDA:0,verify_opening
FNDA:5,get_player1_addr
FNDA:1,get_player1_merkle_root
FNDA:0,get_player1_num_ships
FNDA:0,get_player1_leaf_check
FNDA:5,get_player2_addr
FNDA:1,get_player2_merkle_root
FNDA:0,get_player2_num_ships
FNDA:0,get_player2_leaf_check
FNDA:1,get_state
FNDA:5,get_bid
FNDA:3,get_timeout_stamp
FNDA:2,get_winner
DA:51,23
DA:58,23
DA:60,23
DA:62,12
DA:63,12
DA:64,12
DA:67,11
DA:68,11
DA:69,11
DA:72,11
DA:73,6
DA:75,11
DA:82,2
DA:84,2
DA:85,2
DA:86,2
DA:87,2
DA:89,2
DA:90,2
DA:91,2
DA:92,2
DA:94,2
DA:95,2
DA:96,2
DA:97,2
DA:104,22
DA:105,18
DA:106,16
DA:108,16
DA:109,8
DA:111,8
DA:115,16
DA:116,8
DA:127,0
DA:128,0
DA:129,0
DA:134,0
DA:135,0
DA:136,0
DA:137,0
DA:138,0
DA:141,0
DA:143,0
DA:144,0
DA:145,0
DA:149,0
DA:150,0
DA:151,0
DA:154,0
DA:158,0
DA:159,0
DA:162,0
DA:165,0
DA:167,0
DA:176,0
DA:177,0
DA:179,0
DA:180,0
DA:183,0
DA:184,0
DA:185,0
DA:189,0
DA:190,0
DA:195,0
DA:196,0
DA:197,0
DA:198,0
DA:199,0
DA:208,3
DA:209,3
DA:210,3
DA:211,3
DA:213,1
DA:214,1
DA:215,1
DA:216,1
DA:226,0
DA:227,0
DA:228,0
DA:232,0
DA:234,0
DA:235,0
DA:238,0
DA:239,0
DA:240,0
DA:241,0
DA:242,0
DA:244,0
DA:252,5
DA:253,5
DA:254,3
DA:255,3
DA:257,3
DA:258,3
DA:260,3
DA:268,1
DA:269,1
DA:270,1
DA:271,1
DA:273,1
DA:274,1
DA:283,2
DA:284,2
DA:285,2
DA:286,2
DA:288,2
DA:289,1
DA:290,1
DA:291,1
DA:292,1
DA:300,2
DA:307,0
DA:308,0
DA:312,0
DA:322,0
DA:323,0
DA:325,0
DA:326,0
DA:328,0
DA:331,0
DA:333,0
DA:335,0
DA:337,0
DA:338,0
DA:339,0
DA:340,0
DA:341,0
DA:342,0
DA:344,0
DA:345,0
DA:348,0
DA:355,5
DA:358,1
DA:361,0
DA:364,0
DA:368,5
DA:371,1
DA:374,0
DA:377,0
DA:381,1
DA:385,5
DA:389,3
DA:393,2
LF:143
LH:72
BRDA:51,1,0,23
BRDA:51,1,1,0
BRDA:58,2,0,23
BRDA:58,2,1,0
BRDA:60,3,0,12
BRDA:60,3,1,11
BRDA:62,4,0,12
BRDA:62,4,1,0
BRDA:66,5,0,11
BRDA:66,5,1,0
BRDA:67,6,0,11
BRDA:67,6,1,0
BRDA:68,7,0,11
BRDA:68,7,1,0
BRDA:72,8,0,6
BRDA:72,8,1,5
BRDA:82,9,0,2
BRDA:82,9,1,0
BRDA:104,10,0,18
BRDA:104,10,1,4
BRDA:105,11,0,16
BRDA:105,11,1,2
BRDA:106,12,0,16
BRDA:106,12,1,0
BRDA:108,13,0,8
BRDA:108,13,1,8
BRDA:110,14,0,8
BRDA:110,14,1,0
BRDA:115,15,0,8
BRDA:115,15,1,8
BRDA:127,16,0,0
BRDA:127,16,1,0
BRDA:128,17,0,0
BRDA:128,17,1,0
BRDA:129,18,0,0
BRDA:129,18,1,0
BRDA:136,19,0,0
BRDA:136,19,1,0
BRDA:141,20,0,0
BRDA:141,20,1,0
BRDA:144,21,0,0
BRDA:144,21,1,0
BRDA:149,22,0,0
BRDA:149,22,1,0
BRDA:150,23,0,0
BRDA:150,23,1,0
BRDA:158,24,0,0
BRDA:158,24,1,0
BRDA:179,25,0,0
BRDA:179,25,1,0
BRDA:180,26,0,0
BRDA:180,26,1,0
BRDA:183,27,0,0
BRDA:183,27,1,0
BRDA:184,28,0,0
BRDA:184,28,1,0
BRDA:188,29,0,0
BRDA:188,29,1,0
BRDA:189,30,0,0
BRDA:189,30,1,0
BRDA:195,31,0,0
BRDA:195,31,1,0
BRDA:208,32,0,3
BRDA:208,32,1,0
BRDA:209,33,0,3
BRDA:209,33,1,0
BRDA:210,34,0,3
BRDA:210,34,1,0
BRDA:211,35,0,1
BRDA:211,35,1,2
BRDA:226,36,0,0
BRDA:226,36,1,0
BRDA:227,37,0,0
BRDA:227,37,1,0
BRDA:228,38,0,0
BRDA:228,38,1,0
BRDA:234,39,0,0
BRDA:234,39,1,0
BRDA:238,40,0,0
BRDA:238,40,1,0
BRDA:252,41,0,5
BRDA:252,41,1,0
BRDA:253,42,0,3
BRDA:253,42,1,2
BRDA:254,43,0,3
BRDA:254,43,1,0
BRDA:255,44,0,3
BRDA:255,44,1,0
BRDA:268,45,0,1
BRDA:268,45,1,0
BRDA:269,46,0,1
BRDA:269,46,1,0
BRDA:270,47,0,1
BRDA:270,47,1,0
BRDA:271,48,0,1
BRDA:271,48,1,0
BRDA:273,49,0,1
BRDA:273,49,1,0
BRDA:283,50,0,2
BRDA:283,50,1,0
BRDA:284,51,0,2
BRDA:284,51,1,0
BRDA:285,52,0,2
BRDA:285,52,1,0
BRDA:286,53,0,2
BRDA:286,53,1,0
BRDA:288,54,0,1
BRDA:288,54,1,1
BRDA:339,55,0,0
BRDA:339,55,1,0
BRDA:340,56,0,0
BRDA:340,56,1,0
BRF:112
BRH:42
end_of_record
TN:
SF:C:\Users\bitar\PycharmProjects\DMBLOCK-zadanie-2\truff\contracts\ECDSA.sol
FN:25,recover
FN:77,toEthSignedMessageHash
FNF:2
FNH:0
FNDA:0,recover
FNDA:0,toEthSignedMessageHash
DA:27,0
DA:28,0
DA:32,0
DA:33,0
DA:34,0
DA:39,0
DA:54,0
DA:55,0
DA:58,0
DA:59,0
DA:63,0
DA:64,0
DA:66,0
DA:80,0
LF:14
LH:0
BRDA:27,1,0,0
BRDA:27,1,1,0
BRDA:54,2,0,0
BRDA:54,2,1,0
BRDA:58,3,0,0
BRDA:58,3,1,0
BRDA:64,4,0,0
BRDA:64,4,1,0
BRF:8
BRH:0
end_of_record
