{"contracts\\contract_starter.sol":{"l":{"51":23,"58":23,"60":23,"62":12,"63":12,"64":12,"67":11,"68":11,"69":11,"72":11,"73":6,"75":11,"82":1,"84":1,"85":1,"86":1,"87":1,"89":1,"90":1,"91":1,"92":1,"94":1,"95":1,"96":1,"97":1,"104":22,"105":18,"106":16,"108":16,"109":8,"111":8,"115":16,"116":8,"127":0,"128":0,"129":0,"134":0,"135":0,"136":0,"137":0,"138":0,"141":0,"143":0,"144":0,"145":0,"149":0,"150":0,"151":0,"154":0,"158":0,"159":0,"162":0,"165":0,"167":0,"176":0,"177":0,"179":0,"180":0,"183":0,"184":0,"185":0,"189":0,"190":0,"195":0,"196":0,"197":0,"198":0,"199":0,"208":3,"209":3,"210":3,"211":3,"213":1,"214":1,"215":1,"216":1,"226":0,"227":0,"228":0,"232":0,"234":0,"235":0,"238":0,"239":0,"240":0,"241":0,"242":0,"244":0,"252":7,"253":7,"254":5,"255":5,"256":5,"258":3,"259":3,"261":3,"269":1,"270":1,"271":1,"272":1,"274":1,"275":1,"284":4,"285":4,"286":4,"287":4,"288":4,"290":0,"291":0,"292":0,"293":0,"294":0,"302":2,"309":0,"310":0,"314":0,"324":0,"325":0,"327":0,"328":0,"330":0,"333":0,"335":0,"337":0,"339":0,"340":0,"341":0,"342":0,"343":0,"344":0,"346":0,"347":0,"350":0,"357":3,"360":1,"363":0,"366":0,"370":3,"373":1,"376":0,"379":0,"383":1,"387":3,"391":2,"395":2},"path":"C:\\Users\\bitar\\PycharmProjects\\DMBLOCK-zadanie-2\\truff\\contracts\\contract_starter.sol","s":{"1":23,"2":23,"3":23,"4":12,"5":12,"6":12,"7":11,"8":11,"9":11,"10":11,"11":11,"12":6,"13":11,"14":1,"15":1,"16":1,"17":1,"18":1,"19":1,"20":1,"21":1,"22":1,"23":1,"24":1,"25":22,"26":18,"27":16,"28":16,"29":8,"30":8,"31":8,"32":16,"33":8,"34":0,"35":0,"36":0,"37":0,"38":0,"39":0,"40":0,"41":0,"42":0,"43":0,"44":0,"45":0,"46":0,"47":0,"48":0,"49":0,"50":0,"51":0,"52":0,"53":0,"54":0,"55":0,"56":0,"57":0,"58":0,"59":0,"60":0,"61":0,"62":0,"63":0,"64":0,"65":0,"66":0,"67":0,"68":0,"69":0,"70":3,"71":3,"72":3,"73":3,"74":1,"75":1,"76":1,"77":1,"78":0,"79":0,"80":0,"81":0,"82":0,"83":0,"84":0,"85":0,"86":0,"87":0,"88":0,"89":0,"90":7,"91":7,"92":5,"93":5,"94":5,"95":3,"96":3,"97":3,"98":1,"99":1,"100":1,"101":1,"102":1,"103":1,"104":4,"105":4,"106":4,"107":4,"108":4,"109":0,"110":0,"111":0,"112":0,"113":0,"114":2,"115":0,"116":0,"117":0,"118":0,"119":0,"120":0,"121":0,"122":0,"123":0,"124":0,"125":0,"126":0,"127":0,"128":0,"129":0,"130":0,"131":3,"132":1,"133":0,"134":0,"135":3,"136":1,"137":0,"138":0,"139":1,"140":3,"141":2,"142":2},"b":{"1":[23,0],"2":[23,0],"3":[12,11],"4":[12,0],"5":[11,0],"6":[11,0],"7":[11,0],"8":[6,5],"9":[1,0],"10":[18,4],"11":[16,2],"12":[16,0],"13":[8,8],"14":[8,0],"15":[8,8],"16":[0,0],"17":[0,0],"18":[0,0],"19":[0,0],"20":[0,0],"21":[0,0],"22":[0,0],"23":[0,0],"24":[0,0],"25":[0,0],"26":[0,0],"27":[0,0],"28":[0,0],"29":[0,0],"30":[0,0],"31":[0,0],"32":[3,0],"33":[3,0],"34":[3,0],"35":[1,2],"36":[0,0],"37":[0,0],"38":[0,0],"39":[0,0],"40":[0,0],"41":[7,0],"42":[5,2],"43":[5,0],"44":[5,0],"45":[3,2],"46":[1,0],"47":[1,0],"48":[1,0],"49":[1,0],"50":[1,0],"51":[4,0],"52":[4,0],"53":[4,0],"54":[4,0],"55":[0,4],"56":[0,0],"57":[0,0],"58":[0,0]},"f":{"1":23,"2":1,"3":22,"4":0,"5":0,"6":3,"7":0,"8":7,"9":1,"10":4,"11":2,"12":0,"13":0,"14":3,"15":1,"16":0,"17":0,"18":3,"19":1,"20":0,"21":0,"22":1,"23":3,"24":2,"25":2},"fnMap":{"1":{"name":"store_bid","line":49,"loc":{"start":{"line":49,"column":4},"end":{"line":77,"column":4}}},"2":{"name":"clear_state","line":80,"loc":{"start":{"line":80,"column":4},"end":{"line":98,"column":4}}},"3":{"name":"store_board_commitment","line":102,"loc":{"start":{"line":102,"column":4},"end":{"line":118,"column":4}}},"4":{"name":"check_one_ship","line":125,"loc":{"start":{"line":125,"column":4},"end":{"line":168,"column":4}}},"5":{"name":"claim_win","line":174,"loc":{"start":{"line":174,"column":4},"end":{"line":201,"column":4}}},"6":{"name":"forfeit","line":206,"loc":{"start":{"line":206,"column":4},"end":{"line":217,"column":4}}},"7":{"name":"accuse_cheating","line":224,"loc":{"start":{"line":224,"column":4},"end":{"line":245,"column":4}}},"8":{"name":"claim_opponent_left","line":250,"loc":{"start":{"line":250,"column":4},"end":{"line":262,"column":4}}},"9":{"name":"handle_timeout","line":267,"loc":{"start":{"line":267,"column":4},"end":{"line":277,"column":4}}},"10":{"name":"claim_timeout_winnings","line":282,"loc":{"start":{"line":282,"column":4},"end":{"line":296,"column":4}}},"11":{"name":"is_game_over","line":301,"loc":{"start":{"line":301,"column":4},"end":{"line":303,"column":4}}},"12":{"name":"merge_bytes32","line":308,"loc":{"start":{"line":308,"column":4},"end":{"line":315,"column":4}}},"13":{"name":"verify_opening","line":323,"loc":{"start":{"line":323,"column":4},"end":{"line":352,"column":4}}},"14":{"name":"get_player1_addr","line":356,"loc":{"start":{"line":356,"column":4},"end":{"line":358,"column":4}}},"15":{"name":"get_player1_merkle_root","line":359,"loc":{"start":{"line":359,"column":4},"end":{"line":361,"column":4}}},"16":{"name":"get_player1_num_ships","line":362,"loc":{"start":{"line":362,"column":4},"end":{"line":364,"column":4}}},"17":{"name":"get_player1_leaf_check","line":365,"loc":{"start":{"line":365,"column":4},"end":{"line":367,"column":4}}},"18":{"name":"get_player2_addr","line":369,"loc":{"start":{"line":369,"column":4},"end":{"line":371,"column":4}}},"19":{"name":"get_player2_merkle_root","line":372,"loc":{"start":{"line":372,"column":4},"end":{"line":374,"column":4}}},"20":{"name":"get_player2_num_ships","line":375,"loc":{"start":{"line":375,"column":4},"end":{"line":377,"column":4}}},"21":{"name":"get_player2_leaf_check","line":378,"loc":{"start":{"line":378,"column":4},"end":{"line":380,"column":4}}},"22":{"name":"get_state","line":382,"loc":{"start":{"line":382,"column":4},"end":{"line":384,"column":4}}},"23":{"name":"get_bid","line":386,"loc":{"start":{"line":386,"column":4},"end":{"line":388,"column":4}}},"24":{"name":"get_timeout_stamp","line":390,"loc":{"start":{"line":390,"column":4},"end":{"line":392,"column":4}}},"25":{"name":"get_winner","line":394,"loc":{"start":{"line":394,"column":4},"end":{"line":396,"column":4}}}},"statementMap":{"1":{"start":{"line":51,"column":8},"end":{"line":51,"column":107}},"2":{"start":{"line":58,"column":8},"end":{"line":58,"column":61}},"3":{"start":{"line":60,"column":8},"end":{"line":60,"column":2077}},"4":{"start":{"line":62,"column":12},"end":{"line":62,"column":68}},"5":{"start":{"line":63,"column":12},"end":{"line":63,"column":36}},"6":{"start":{"line":64,"column":12},"end":{"line":64,"column":26}},"7":{"start":{"line":66,"column":15},"end":{"line":66,"column":2335}},"8":{"start":{"line":67,"column":12},"end":{"line":67,"column":120}},"9":{"start":{"line":68,"column":12},"end":{"line":68,"column":95}},"10":{"start":{"line":69,"column":12},"end":{"line":69,"column":36}},"11":{"start":{"line":72,"column":12},"end":{"line":72,"column":2717}},"12":{"start":{"line":73,"column":16},"end":{"line":73,"column":51}},"13":{"start":{"line":75,"column":12},"end":{"line":75,"column":38}},"14":{"start":{"line":82,"column":8},"end":{"line":82,"column":65}},"15":{"start":{"line":84,"column":8},"end":{"line":84,"column":32}},"16":{"start":{"line":85,"column":8},"end":{"line":85,"column":39}},"17":{"start":{"line":86,"column":8},"end":{"line":86,"column":28}},"18":{"start":{"line":89,"column":8},"end":{"line":89,"column":32}},"19":{"start":{"line":90,"column":8},"end":{"line":90,"column":39}},"20":{"start":{"line":91,"column":8},"end":{"line":91,"column":28}},"21":{"start":{"line":94,"column":8},"end":{"line":94,"column":14}},"22":{"start":{"line":95,"column":8},"end":{"line":95,"column":16}},"23":{"start":{"line":96,"column":8},"end":{"line":96,"column":24}},"24":{"start":{"line":97,"column":8},"end":{"line":97,"column":26}},"25":{"start":{"line":104,"column":8},"end":{"line":104,"column":76}},"26":{"start":{"line":105,"column":8},"end":{"line":105,"column":140}},"27":{"start":{"line":106,"column":8},"end":{"line":106,"column":173}},"28":{"start":{"line":108,"column":8},"end":{"line":108,"column":4042}},"29":{"start":{"line":109,"column":12},"end":{"line":109,"column":44}},"30":{"start":{"line":110,"column":15},"end":{"line":110,"column":4137}},"31":{"start":{"line":111,"column":12},"end":{"line":111,"column":44}},"32":{"start":{"line":115,"column":8},"end":{"line":115,"column":4316}},"33":{"start":{"line":116,"column":12},"end":{"line":116,"column":20}},"34":{"start":{"line":127,"column":8},"end":{"line":127,"column":68}},"35":{"start":{"line":128,"column":8},"end":{"line":128,"column":120}},"36":{"start":{"line":129,"column":8},"end":{"line":129,"column":104}},"37":{"start":{"line":134,"column":8},"end":{"line":134,"column":55}},"38":{"start":{"line":135,"column":8},"end":{"line":135,"column":53}},"39":{"start":{"line":136,"column":8},"end":{"line":136,"column":5572}},"40":{"start":{"line":137,"column":12},"end":{"line":137,"column":50}},"41":{"start":{"line":138,"column":12},"end":{"line":138,"column":38}},"42":{"start":{"line":141,"column":8},"end":{"line":141,"column":5714}},"43":{"start":{"line":143,"column":12},"end":{"line":143,"column":5811}},"44":{"start":{"line":144,"column":16},"end":{"line":144,"column":5889}},"45":{"start":{"line":145,"column":20},"end":{"line":145,"column":32}},"46":{"start":{"line":149,"column":12},"end":{"line":149,"column":6005}},"47":{"start":{"line":150,"column":16},"end":{"line":150,"column":6054}},"48":{"start":{"line":151,"column":20},"end":{"line":151,"column":41}},"49":{"start":{"line":154,"column":20},"end":{"line":154,"column":60}},"50":{"start":{"line":158,"column":16},"end":{"line":158,"column":6304}},"51":{"start":{"line":159,"column":20},"end":{"line":159,"column":41}},"52":{"start":{"line":162,"column":20},"end":{"line":162,"column":60}},"53":{"start":{"line":165,"column":12},"end":{"line":165,"column":23}},"54":{"start":{"line":167,"column":8},"end":{"line":167,"column":20}},"55":{"start":{"line":176,"column":8},"end":{"line":176,"column":132}},"56":{"start":{"line":177,"column":8},"end":{"line":177,"column":132}},"57":{"start":{"line":179,"column":8},"end":{"line":179,"column":63}},"58":{"start":{"line":180,"column":8},"end":{"line":180,"column":113}},"59":{"start":{"line":183,"column":8},"end":{"line":183,"column":7345}},"60":{"start":{"line":184,"column":12},"end":{"line":184,"column":7395}},"61":{"start":{"line":185,"column":16},"end":{"line":185,"column":36}},"62":{"start":{"line":188,"column":13},"end":{"line":188,"column":7533}},"63":{"start":{"line":189,"column":12},"end":{"line":189,"column":7583}},"64":{"start":{"line":190,"column":16},"end":{"line":190,"column":36}},"65":{"start":{"line":195,"column":8},"end":{"line":195,"column":7747}},"66":{"start":{"line":196,"column":12},"end":{"line":196,"column":58}},"67":{"start":{"line":197,"column":12},"end":{"line":197,"column":20}},"68":{"start":{"line":198,"column":12},"end":{"line":198,"column":33}},"69":{"start":{"line":199,"column":12},"end":{"line":199,"column":24}},"70":{"start":{"line":208,"column":8},"end":{"line":208,"column":55}},"71":{"start":{"line":209,"column":8},"end":{"line":209,"column":109}},"72":{"start":{"line":210,"column":8},"end":{"line":210,"column":74}},"73":{"start":{"line":211,"column":8},"end":{"line":211,"column":76}},"74":{"start":{"line":213,"column":8},"end":{"line":213,"column":47}},"75":{"start":{"line":214,"column":8},"end":{"line":214,"column":16}},"76":{"start":{"line":215,"column":8},"end":{"line":215,"column":31}},"77":{"start":{"line":216,"column":8},"end":{"line":216,"column":20}},"78":{"start":{"line":226,"column":8},"end":{"line":226,"column":69}},"79":{"start":{"line":227,"column":8},"end":{"line":227,"column":125}},"80":{"start":{"line":228,"column":8},"end":{"line":228,"column":78}},"81":{"start":{"line":232,"column":8},"end":{"line":232,"column":55}},"82":{"start":{"line":234,"column":8},"end":{"line":234,"column":9755}},"83":{"start":{"line":235,"column":12},"end":{"line":235,"column":50}},"84":{"start":{"line":238,"column":8},"end":{"line":238,"column":9856}},"85":{"start":{"line":239,"column":12},"end":{"line":239,"column":53}},"86":{"start":{"line":240,"column":12},"end":{"line":240,"column":37}},"87":{"start":{"line":241,"column":12},"end":{"line":241,"column":24}},"88":{"start":{"line":242,"column":12},"end":{"line":242,"column":23}},"89":{"start":{"line":244,"column":8},"end":{"line":244,"column":20}},"90":{"start":{"line":252,"column":8},"end":{"line":252,"column":73}},"91":{"start":{"line":253,"column":8},"end":{"line":253,"column":133}},"92":{"start":{"line":254,"column":8},"end":{"line":254,"column":86}},"93":{"start":{"line":255,"column":8},"end":{"line":255,"column":118}},"94":{"start":{"line":256,"column":8},"end":{"line":256,"column":92}},"95":{"start":{"line":258,"column":8},"end":{"line":258,"column":38}},"96":{"start":{"line":259,"column":8},"end":{"line":259,"column":33}},"97":{"start":{"line":261,"column":8},"end":{"line":261,"column":48}},"98":{"start":{"line":269,"column":8},"end":{"line":269,"column":68}},"99":{"start":{"line":270,"column":8},"end":{"line":270,"column":99}},"100":{"start":{"line":271,"column":8},"end":{"line":271,"column":81}},"101":{"start":{"line":272,"column":8},"end":{"line":272,"column":113}},"102":{"start":{"line":274,"column":8},"end":{"line":274,"column":11623}},"103":{"start":{"line":275,"column":12},"end":{"line":275,"column":28}},"104":{"start":{"line":284,"column":8},"end":{"line":284,"column":76}},"105":{"start":{"line":285,"column":8},"end":{"line":285,"column":139}},"106":{"start":{"line":286,"column":8},"end":{"line":286,"column":89}},"107":{"start":{"line":287,"column":8},"end":{"line":287,"column":121}},"108":{"start":{"line":288,"column":8},"end":{"line":288,"column":98}},"109":{"start":{"line":290,"column":8},"end":{"line":290,"column":12647}},"110":{"start":{"line":291,"column":12},"end":{"line":291,"column":20}},"111":{"start":{"line":292,"column":12},"end":{"line":292,"column":53}},"112":{"start":{"line":293,"column":12},"end":{"line":293,"column":37}},"113":{"start":{"line":294,"column":12},"end":{"line":294,"column":24}},"114":{"start":{"line":302,"column":8},"end":{"line":302,"column":39}},"115":{"start":{"line":309,"column":8},"end":{"line":309,"column":43}},"116":{"start":{"line":314,"column":8},"end":{"line":314,"column":21}},"117":{"start":{"line":324,"column":8},"end":{"line":324,"column":54}},"118":{"start":{"line":325,"column":8},"end":{"line":325,"column":47}},"119":{"start":{"line":327,"column":8},"end":{"line":327,"column":33}},"120":{"start":{"line":328,"column":8},"end":{"line":328,"column":18}},"121":{"start":{"line":330,"column":8},"end":{"line":330,"column":14322}},"122":{"start":{"line":333,"column":12},"end":{"line":333,"column":68}},"123":{"start":{"line":335,"column":12},"end":{"line":335,"column":62}},"124":{"start":{"line":337,"column":12},"end":{"line":337,"column":85}},"125":{"start":{"line":339,"column":12},"end":{"line":339,"column":95}},"126":{"start":{"line":341,"column":12},"end":{"line":341,"column":50}},"127":{"start":{"line":342,"column":12},"end":{"line":342,"column":15082}},"128":{"start":{"line":343,"column":16},"end":{"line":343,"column":91}},"129":{"start":{"line":346,"column":16},"end":{"line":346,"column":91}},"130":{"start":{"line":350,"column":8},"end":{"line":350,"column":38}},"131":{"start":{"line":357,"column":8},"end":{"line":357,"column":27}},"132":{"start":{"line":360,"column":8},"end":{"line":360,"column":34}},"133":{"start":{"line":363,"column":8},"end":{"line":363,"column":32}},"134":{"start":{"line":366,"column":8},"end":{"line":366,"column":33}},"135":{"start":{"line":370,"column":8},"end":{"line":370,"column":27}},"136":{"start":{"line":373,"column":8},"end":{"line":373,"column":34}},"137":{"start":{"line":376,"column":8},"end":{"line":376,"column":32}},"138":{"start":{"line":379,"column":8},"end":{"line":379,"column":33}},"139":{"start":{"line":383,"column":8},"end":{"line":383,"column":20}},"140":{"start":{"line":387,"column":8},"end":{"line":387,"column":18}},"141":{"start":{"line":391,"column":8},"end":{"line":391,"column":28}},"142":{"start":{"line":395,"column":8},"end":{"line":395,"column":21}}},"branchMap":{"1":{"line":51,"type":"if","locations":[{"start":{"line":51,"column":8},"end":{"line":51,"column":8}},{"start":{"line":51,"column":8},"end":{"line":51,"column":8}}]},"2":{"line":58,"type":"if","locations":[{"start":{"line":58,"column":8},"end":{"line":58,"column":8}},{"start":{"line":58,"column":8},"end":{"line":58,"column":8}}]},"3":{"line":60,"type":"if","locations":[{"start":{"line":60,"column":8},"end":{"line":60,"column":8}},{"start":{"line":60,"column":8},"end":{"line":60,"column":8}}]},"4":{"line":62,"type":"if","locations":[{"start":{"line":62,"column":12},"end":{"line":62,"column":12}},{"start":{"line":62,"column":12},"end":{"line":62,"column":12}}]},"5":{"line":66,"type":"if","locations":[{"start":{"line":66,"column":15},"end":{"line":66,"column":15}},{"start":{"line":66,"column":15},"end":{"line":66,"column":15}}]},"6":{"line":67,"type":"if","locations":[{"start":{"line":67,"column":12},"end":{"line":67,"column":12}},{"start":{"line":67,"column":12},"end":{"line":67,"column":12}}]},"7":{"line":68,"type":"if","locations":[{"start":{"line":68,"column":12},"end":{"line":68,"column":12}},{"start":{"line":68,"column":12},"end":{"line":68,"column":12}}]},"8":{"line":72,"type":"if","locations":[{"start":{"line":72,"column":12},"end":{"line":72,"column":12}},{"start":{"line":72,"column":12},"end":{"line":72,"column":12}}]},"9":{"line":82,"type":"if","locations":[{"start":{"line":82,"column":8},"end":{"line":82,"column":8}},{"start":{"line":82,"column":8},"end":{"line":82,"column":8}}]},"10":{"line":104,"type":"if","locations":[{"start":{"line":104,"column":8},"end":{"line":104,"column":8}},{"start":{"line":104,"column":8},"end":{"line":104,"column":8}}]},"11":{"line":105,"type":"if","locations":[{"start":{"line":105,"column":8},"end":{"line":105,"column":8}},{"start":{"line":105,"column":8},"end":{"line":105,"column":8}}]},"12":{"line":106,"type":"if","locations":[{"start":{"line":106,"column":8},"end":{"line":106,"column":8}},{"start":{"line":106,"column":8},"end":{"line":106,"column":8}}]},"13":{"line":108,"type":"if","locations":[{"start":{"line":108,"column":8},"end":{"line":108,"column":8}},{"start":{"line":108,"column":8},"end":{"line":108,"column":8}}]},"14":{"line":110,"type":"if","locations":[{"start":{"line":110,"column":15},"end":{"line":110,"column":15}},{"start":{"line":110,"column":15},"end":{"line":110,"column":15}}]},"15":{"line":115,"type":"if","locations":[{"start":{"line":115,"column":8},"end":{"line":115,"column":8}},{"start":{"line":115,"column":8},"end":{"line":115,"column":8}}]},"16":{"line":127,"type":"if","locations":[{"start":{"line":127,"column":8},"end":{"line":127,"column":8}},{"start":{"line":127,"column":8},"end":{"line":127,"column":8}}]},"17":{"line":128,"type":"if","locations":[{"start":{"line":128,"column":8},"end":{"line":128,"column":8}},{"start":{"line":128,"column":8},"end":{"line":128,"column":8}}]},"18":{"line":129,"type":"if","locations":[{"start":{"line":129,"column":8},"end":{"line":129,"column":8}},{"start":{"line":129,"column":8},"end":{"line":129,"column":8}}]},"19":{"line":136,"type":"if","locations":[{"start":{"line":136,"column":8},"end":{"line":136,"column":8}},{"start":{"line":136,"column":8},"end":{"line":136,"column":8}}]},"20":{"line":141,"type":"if","locations":[{"start":{"line":141,"column":8},"end":{"line":141,"column":8}},{"start":{"line":141,"column":8},"end":{"line":141,"column":8}}]},"21":{"line":144,"type":"if","locations":[{"start":{"line":144,"column":16},"end":{"line":144,"column":16}},{"start":{"line":144,"column":16},"end":{"line":144,"column":16}}]},"22":{"line":149,"type":"if","locations":[{"start":{"line":149,"column":12},"end":{"line":149,"column":12}},{"start":{"line":149,"column":12},"end":{"line":149,"column":12}}]},"23":{"line":150,"type":"if","locations":[{"start":{"line":150,"column":16},"end":{"line":150,"column":16}},{"start":{"line":150,"column":16},"end":{"line":150,"column":16}}]},"24":{"line":158,"type":"if","locations":[{"start":{"line":158,"column":16},"end":{"line":158,"column":16}},{"start":{"line":158,"column":16},"end":{"line":158,"column":16}}]},"25":{"line":179,"type":"if","locations":[{"start":{"line":179,"column":8},"end":{"line":179,"column":8}},{"start":{"line":179,"column":8},"end":{"line":179,"column":8}}]},"26":{"line":180,"type":"if","locations":[{"start":{"line":180,"column":8},"end":{"line":180,"column":8}},{"start":{"line":180,"column":8},"end":{"line":180,"column":8}}]},"27":{"line":183,"type":"if","locations":[{"start":{"line":183,"column":8},"end":{"line":183,"column":8}},{"start":{"line":183,"column":8},"end":{"line":183,"column":8}}]},"28":{"line":184,"type":"if","locations":[{"start":{"line":184,"column":12},"end":{"line":184,"column":12}},{"start":{"line":184,"column":12},"end":{"line":184,"column":12}}]},"29":{"line":188,"type":"if","locations":[{"start":{"line":188,"column":13},"end":{"line":188,"column":13}},{"start":{"line":188,"column":13},"end":{"line":188,"column":13}}]},"30":{"line":189,"type":"if","locations":[{"start":{"line":189,"column":12},"end":{"line":189,"column":12}},{"start":{"line":189,"column":12},"end":{"line":189,"column":12}}]},"31":{"line":195,"type":"if","locations":[{"start":{"line":195,"column":8},"end":{"line":195,"column":8}},{"start":{"line":195,"column":8},"end":{"line":195,"column":8}}]},"32":{"line":208,"type":"if","locations":[{"start":{"line":208,"column":8},"end":{"line":208,"column":8}},{"start":{"line":208,"column":8},"end":{"line":208,"column":8}}]},"33":{"line":209,"type":"if","locations":[{"start":{"line":209,"column":8},"end":{"line":209,"column":8}},{"start":{"line":209,"column":8},"end":{"line":209,"column":8}}]},"34":{"line":210,"type":"if","locations":[{"start":{"line":210,"column":8},"end":{"line":210,"column":8}},{"start":{"line":210,"column":8},"end":{"line":210,"column":8}}]},"35":{"line":211,"type":"if","locations":[{"start":{"line":211,"column":8},"end":{"line":211,"column":8}},{"start":{"line":211,"column":8},"end":{"line":211,"column":8}}]},"36":{"line":226,"type":"if","locations":[{"start":{"line":226,"column":8},"end":{"line":226,"column":8}},{"start":{"line":226,"column":8},"end":{"line":226,"column":8}}]},"37":{"line":227,"type":"if","locations":[{"start":{"line":227,"column":8},"end":{"line":227,"column":8}},{"start":{"line":227,"column":8},"end":{"line":227,"column":8}}]},"38":{"line":228,"type":"if","locations":[{"start":{"line":228,"column":8},"end":{"line":228,"column":8}},{"start":{"line":228,"column":8},"end":{"line":228,"column":8}}]},"39":{"line":234,"type":"if","locations":[{"start":{"line":234,"column":8},"end":{"line":234,"column":8}},{"start":{"line":234,"column":8},"end":{"line":234,"column":8}}]},"40":{"line":238,"type":"if","locations":[{"start":{"line":238,"column":8},"end":{"line":238,"column":8}},{"start":{"line":238,"column":8},"end":{"line":238,"column":8}}]},"41":{"line":252,"type":"if","locations":[{"start":{"line":252,"column":8},"end":{"line":252,"column":8}},{"start":{"line":252,"column":8},"end":{"line":252,"column":8}}]},"42":{"line":253,"type":"if","locations":[{"start":{"line":253,"column":8},"end":{"line":253,"column":8}},{"start":{"line":253,"column":8},"end":{"line":253,"column":8}}]},"43":{"line":254,"type":"if","locations":[{"start":{"line":254,"column":8},"end":{"line":254,"column":8}},{"start":{"line":254,"column":8},"end":{"line":254,"column":8}}]},"44":{"line":255,"type":"if","locations":[{"start":{"line":255,"column":8},"end":{"line":255,"column":8}},{"start":{"line":255,"column":8},"end":{"line":255,"column":8}}]},"45":{"line":256,"type":"if","locations":[{"start":{"line":256,"column":8},"end":{"line":256,"column":8}},{"start":{"line":256,"column":8},"end":{"line":256,"column":8}}]},"46":{"line":269,"type":"if","locations":[{"start":{"line":269,"column":8},"end":{"line":269,"column":8}},{"start":{"line":269,"column":8},"end":{"line":269,"column":8}}]},"47":{"line":270,"type":"if","locations":[{"start":{"line":270,"column":8},"end":{"line":270,"column":8}},{"start":{"line":270,"column":8},"end":{"line":270,"column":8}}]},"48":{"line":271,"type":"if","locations":[{"start":{"line":271,"column":8},"end":{"line":271,"column":8}},{"start":{"line":271,"column":8},"end":{"line":271,"column":8}}]},"49":{"line":272,"type":"if","locations":[{"start":{"line":272,"column":8},"end":{"line":272,"column":8}},{"start":{"line":272,"column":8},"end":{"line":272,"column":8}}]},"50":{"line":274,"type":"if","locations":[{"start":{"line":274,"column":8},"end":{"line":274,"column":8}},{"start":{"line":274,"column":8},"end":{"line":274,"column":8}}]},"51":{"line":284,"type":"if","locations":[{"start":{"line":284,"column":8},"end":{"line":284,"column":8}},{"start":{"line":284,"column":8},"end":{"line":284,"column":8}}]},"52":{"line":285,"type":"if","locations":[{"start":{"line":285,"column":8},"end":{"line":285,"column":8}},{"start":{"line":285,"column":8},"end":{"line":285,"column":8}}]},"53":{"line":286,"type":"if","locations":[{"start":{"line":286,"column":8},"end":{"line":286,"column":8}},{"start":{"line":286,"column":8},"end":{"line":286,"column":8}}]},"54":{"line":287,"type":"if","locations":[{"start":{"line":287,"column":8},"end":{"line":287,"column":8}},{"start":{"line":287,"column":8},"end":{"line":287,"column":8}}]},"55":{"line":288,"type":"if","locations":[{"start":{"line":288,"column":8},"end":{"line":288,"column":8}},{"start":{"line":288,"column":8},"end":{"line":288,"column":8}}]},"56":{"line":290,"type":"if","locations":[{"start":{"line":290,"column":8},"end":{"line":290,"column":8}},{"start":{"line":290,"column":8},"end":{"line":290,"column":8}}]},"57":{"line":341,"type":"if","locations":[{"start":{"line":341,"column":12},"end":{"line":341,"column":12}},{"start":{"line":341,"column":12},"end":{"line":341,"column":12}}]},"58":{"line":342,"type":"if","locations":[{"start":{"line":342,"column":12},"end":{"line":342,"column":12}},{"start":{"line":342,"column":12},"end":{"line":342,"column":12}}]}}},"contracts\\ECDSA.sol":{"l":{"27":0,"28":0,"32":0,"33":0,"34":0,"39":0,"54":0,"55":0,"58":0,"59":0,"63":0,"64":0,"66":0,"80":0},"path":"C:\\Users\\bitar\\PycharmProjects\\DMBLOCK-zadanie-2\\truff\\contracts\\ECDSA.sol","s":{"1":0,"2":0,"3":0,"4":0,"5":0,"6":0,"7":0,"8":0,"9":0,"10":0,"11":0,"12":0,"13":0},"b":{"1":[0,0],"2":[0,0],"3":[0,0],"4":[0,0]},"f":{"1":0,"2":0},"fnMap":{"1":{"name":"recover","line":25,"loc":{"start":{"line":25,"column":4},"end":{"line":67,"column":4}}},"2":{"name":"toEthSignedMessageHash","line":77,"loc":{"start":{"line":77,"column":4},"end":{"line":81,"column":4}}}},"statementMap":{"1":{"start":{"line":27,"column":8},"end":{"line":27,"column":1233}},"2":{"start":{"line":28,"column":12},"end":{"line":28,"column":52}},"3":{"start":{"line":32,"column":8},"end":{"line":32,"column":17}},"4":{"start":{"line":33,"column":8},"end":{"line":33,"column":17}},"5":{"start":{"line":34,"column":8},"end":{"line":34,"column":15}},"6":{"start":{"line":54,"column":8},"end":{"line":54,"column":2700}},"7":{"start":{"line":55,"column":12},"end":{"line":55,"column":55}},"8":{"start":{"line":58,"column":8},"end":{"line":58,"column":2868}},"9":{"start":{"line":59,"column":12},"end":{"line":59,"column":55}},"10":{"start":{"line":63,"column":8},"end":{"line":63,"column":49}},"11":{"start":{"line":64,"column":8},"end":{"line":64,"column":64}},"12":{"start":{"line":66,"column":8},"end":{"line":66,"column":21}},"13":{"start":{"line":80,"column":8},"end":{"line":80,"column":84}}},"branchMap":{"1":{"line":27,"type":"if","locations":[{"start":{"line":27,"column":8},"end":{"line":27,"column":8}},{"start":{"line":27,"column":8},"end":{"line":27,"column":8}}]},"2":{"line":54,"type":"if","locations":[{"start":{"line":54,"column":8},"end":{"line":54,"column":8}},{"start":{"line":54,"column":8},"end":{"line":54,"column":8}}]},"3":{"line":58,"type":"if","locations":[{"start":{"line":58,"column":8},"end":{"line":58,"column":8}},{"start":{"line":58,"column":8},"end":{"line":58,"column":8}}]},"4":{"line":64,"type":"if","locations":[{"start":{"line":64,"column":8},"end":{"line":64,"column":8}},{"start":{"line":64,"column":8},"end":{"line":64,"column":8}}]}}}}